[2025-06-02 13:23:38] testing.ERROR:  {"exception":"[object] (Symfony\\Component\\HttpKernel\\Exception\\NotFoundHttpException(code: 0):  at C:\\PhpstormProjects\\Twitch-Analytics\\analytics\\vendor\\laravel\\lumen-framework\\src\\Concerns\\RoutesRequests.php:235)
[stacktrace]
#0 C:\\PhpstormProjects\\Twitch-Analytics\\analytics\\vendor\\laravel\\lumen-framework\\src\\Concerns\\RoutesRequests.php(174): Laravel\\Lumen\\Application->handleDispatcherResponse(Array)
#1 C:\\PhpstormProjects\\Twitch-Analytics\\analytics\\vendor\\laravel\\lumen-framework\\src\\Concerns\\RoutesRequests.php(431): Laravel\\Lumen\\Application->Laravel\\Lumen\\Concerns\\{closure}(Object(Laravel\\Lumen\\Http\\Request))
#2 C:\\PhpstormProjects\\Twitch-Analytics\\analytics\\vendor\\laravel\\lumen-framework\\src\\Concerns\\RoutesRequests.php(167): Laravel\\Lumen\\Application->sendThroughPipeline(Array, Object(Closure))
#3 C:\\PhpstormProjects\\Twitch-Analytics\\analytics\\vendor\\laravel\\lumen-framework\\src\\Concerns\\RoutesRequests.php(95): Laravel\\Lumen\\Application->dispatch(Object(Laravel\\Lumen\\Http\\Request))
#4 C:\\PhpstormProjects\\Twitch-Analytics\\analytics\\vendor\\laravel\\lumen-framework\\src\\Testing\\Concerns\\MakesHttpRequests.php(361): Laravel\\Lumen\\Application->handle(Object(Laravel\\Lumen\\Http\\Request))
#5 C:\\PhpstormProjects\\Twitch-Analytics\\analytics\\vendor\\laravel\\lumen-framework\\src\\Testing\\Concerns\\MakesHttpRequests.php(66): Laravel\\Lumen\\Testing\\TestCase->call('GET', '/analytics/enri...', Array, Array, Array, Array)
#6 C:\\PhpstormProjects\\Twitch-Analytics\\analytics\\tests\\Feature\\EnrichedTest.php(19): Laravel\\Lumen\\Testing\\TestCase->get('/analytics/enri...', Array)
#7 C:\\PhpstormProjects\\Twitch-Analytics\\analytics\\vendor\\phpunit\\phpunit\\src\\Framework\\TestCase.php(1188): TwitchAnalytics\\Tests\\Feature\\EnrichedTest->gets401WhenTokenIsWrong()
#8 C:\\PhpstormProjects\\Twitch-Analytics\\analytics\\vendor\\phpunit\\phpunit\\src\\Framework\\TestCase.php(686): PHPUnit\\Framework\\TestCase->runTest()
#9 C:\\PhpstormProjects\\Twitch-Analytics\\analytics\\vendor\\phpunit\\phpunit\\src\\Framework\\TestRunner.php(105): PHPUnit\\Framework\\TestCase->runBare()
#10 C:\\PhpstormProjects\\Twitch-Analytics\\analytics\\vendor\\phpunit\\phpunit\\src\\Framework\\TestCase.php(516): PHPUnit\\Framework\\TestRunner->run(Object(TwitchAnalytics\\Tests\\Feature\\EnrichedTest))
#11 C:\\PhpstormProjects\\Twitch-Analytics\\analytics\\vendor\\phpunit\\phpunit\\src\\Framework\\TestSuite.php(374): PHPUnit\\Framework\\TestCase->run()
#12 C:\\PhpstormProjects\\Twitch-Analytics\\analytics\\vendor\\phpunit\\phpunit\\src\\Framework\\TestSuite.php(374): PHPUnit\\Framework\\TestSuite->run()
#13 C:\\PhpstormProjects\\Twitch-Analytics\\analytics\\vendor\\phpunit\\phpunit\\src\\Framework\\TestSuite.php(374): PHPUnit\\Framework\\TestSuite->run()
#14 C:\\PhpstormProjects\\Twitch-Analytics\\analytics\\vendor\\phpunit\\phpunit\\src\\TextUI\\TestRunner.php(64): PHPUnit\\Framework\\TestSuite->run()
#15 C:\\PhpstormProjects\\Twitch-Analytics\\analytics\\vendor\\phpunit\\phpunit\\src\\TextUI\\Application.php(203): PHPUnit\\TextUI\\TestRunner->run(Object(PHPUnit\\TextUI\\Configuration\\Configuration), Object(PHPUnit\\Runner\\ResultCache\\DefaultResultCache), Object(PHPUnit\\Framework\\TestSuite))
#16 C:\\PhpstormProjects\\Twitch-Analytics\\analytics\\vendor\\phpunit\\phpunit\\phpunit(104): PHPUnit\\TextUI\\Application->run(Array)
#17 C:\\PhpstormProjects\\Twitch-Analytics\\analytics\\vendor\\bin\\phpunit(122): include('C:\\\\PhpstormProj...')
#18 {main}
"} 
[2025-06-02 13:26:52] testing.ERROR:  {"exception":"[object] (Symfony\\Component\\HttpKernel\\Exception\\NotFoundHttpException(code: 0):  at C:\\PhpstormProjects\\Twitch-Analytics\\analytics\\vendor\\laravel\\lumen-framework\\src\\Concerns\\RoutesRequests.php:235)
[stacktrace]
#0 C:\\PhpstormProjects\\Twitch-Analytics\\analytics\\vendor\\laravel\\lumen-framework\\src\\Concerns\\RoutesRequests.php(174): Laravel\\Lumen\\Application->handleDispatcherResponse(Array)
#1 C:\\PhpstormProjects\\Twitch-Analytics\\analytics\\vendor\\laravel\\lumen-framework\\src\\Concerns\\RoutesRequests.php(431): Laravel\\Lumen\\Application->Laravel\\Lumen\\Concerns\\{closure}(Object(Laravel\\Lumen\\Http\\Request))
#2 C:\\PhpstormProjects\\Twitch-Analytics\\analytics\\vendor\\laravel\\lumen-framework\\src\\Concerns\\RoutesRequests.php(167): Laravel\\Lumen\\Application->sendThroughPipeline(Array, Object(Closure))
#3 C:\\PhpstormProjects\\Twitch-Analytics\\analytics\\vendor\\laravel\\lumen-framework\\src\\Concerns\\RoutesRequests.php(95): Laravel\\Lumen\\Application->dispatch(Object(Laravel\\Lumen\\Http\\Request))
#4 C:\\PhpstormProjects\\Twitch-Analytics\\analytics\\vendor\\laravel\\lumen-framework\\src\\Testing\\Concerns\\MakesHttpRequests.php(361): Laravel\\Lumen\\Application->handle(Object(Laravel\\Lumen\\Http\\Request))
#5 C:\\PhpstormProjects\\Twitch-Analytics\\analytics\\vendor\\laravel\\lumen-framework\\src\\Testing\\Concerns\\MakesHttpRequests.php(66): Laravel\\Lumen\\Testing\\TestCase->call('GET', '/analytics/enri...', Array, Array, Array, Array)
#6 C:\\PhpstormProjects\\Twitch-Analytics\\analytics\\tests\\Feature\\EnrichedTest.php(20): Laravel\\Lumen\\Testing\\TestCase->get('/analytics/enri...', Array)
#7 C:\\PhpstormProjects\\Twitch-Analytics\\analytics\\vendor\\phpunit\\phpunit\\src\\Framework\\TestCase.php(1188): TwitchAnalytics\\Tests\\Feature\\EnrichedTest->gets401WhenTokenIsWrong()
#8 C:\\PhpstormProjects\\Twitch-Analytics\\analytics\\vendor\\phpunit\\phpunit\\src\\Framework\\TestCase.php(686): PHPUnit\\Framework\\TestCase->runTest()
#9 C:\\PhpstormProjects\\Twitch-Analytics\\analytics\\vendor\\phpunit\\phpunit\\src\\Framework\\TestRunner.php(105): PHPUnit\\Framework\\TestCase->runBare()
#10 C:\\PhpstormProjects\\Twitch-Analytics\\analytics\\vendor\\phpunit\\phpunit\\src\\Framework\\TestCase.php(516): PHPUnit\\Framework\\TestRunner->run(Object(TwitchAnalytics\\Tests\\Feature\\EnrichedTest))
#11 C:\\PhpstormProjects\\Twitch-Analytics\\analytics\\vendor\\phpunit\\phpunit\\src\\Framework\\TestSuite.php(374): PHPUnit\\Framework\\TestCase->run()
#12 C:\\PhpstormProjects\\Twitch-Analytics\\analytics\\vendor\\phpunit\\phpunit\\src\\Framework\\TestSuite.php(374): PHPUnit\\Framework\\TestSuite->run()
#13 C:\\PhpstormProjects\\Twitch-Analytics\\analytics\\vendor\\phpunit\\phpunit\\src\\Framework\\TestSuite.php(374): PHPUnit\\Framework\\TestSuite->run()
#14 C:\\PhpstormProjects\\Twitch-Analytics\\analytics\\vendor\\phpunit\\phpunit\\src\\TextUI\\TestRunner.php(64): PHPUnit\\Framework\\TestSuite->run()
#15 C:\\PhpstormProjects\\Twitch-Analytics\\analytics\\vendor\\phpunit\\phpunit\\src\\TextUI\\Application.php(203): PHPUnit\\TextUI\\TestRunner->run(Object(PHPUnit\\TextUI\\Configuration\\Configuration), Object(PHPUnit\\Runner\\ResultCache\\DefaultResultCache), Object(PHPUnit\\Framework\\TestSuite))
#16 C:\\PhpstormProjects\\Twitch-Analytics\\analytics\\vendor\\phpunit\\phpunit\\phpunit(104): PHPUnit\\TextUI\\Application->run(Array)
#17 C:\\PhpstormProjects\\Twitch-Analytics\\analytics\\vendor\\bin\\phpunit(122): include('C:\\\\PhpstormProj...')
#18 {main}
"} 
[2025-06-02 16:22:30] local.ERROR: TwitchAnalytics\Application\Services\RefreshTwitchTokenService::__construct(): Argument #1 ($twitchUserRepository) must be of type TwitchAnalytics\Domain\Repositories\TwitchUserRepositoryInterface, TwitchAnalytics\Infraestructure\Repositories\UserRepository given, called in C:\PhpstormProjects\Twitch-Analytics\bootstrap\app.php on line 128 {"exception":"[object] (TypeError(code: 0): TwitchAnalytics\\Application\\Services\\RefreshTwitchTokenService::__construct(): Argument #1 ($twitchUserRepository) must be of type TwitchAnalytics\\Domain\\Repositories\\TwitchUserRepositoryInterface, TwitchAnalytics\\Infraestructure\\Repositories\\UserRepository given, called in C:\\PhpstormProjects\\Twitch-Analytics\\bootstrap\\app.php on line 128 at C:\\PhpstormProjects\\Twitch-Analytics\\src\\Application\\Services\\RefreshTwitchTokenService.php:15)
[stacktrace]
#0 C:\\PhpstormProjects\\Twitch-Analytics\\bootstrap\\app.php(128): TwitchAnalytics\\Application\\Services\\RefreshTwitchTokenService->__construct(Object(TwitchAnalytics\\Infraestructure\\Repositories\\UserRepository), Object(TwitchAnalytics\\Infraestructure\\Time\\SystemTimeProvider))
#1 C:\\PhpstormProjects\\Twitch-Analytics\\vendor\\illuminate\\container\\Container.php(908): {closure}(Object(Laravel\\Lumen\\Application), Array)
#2 C:\\PhpstormProjects\\Twitch-Analytics\\vendor\\illuminate\\container\\Container.php(795): Illuminate\\Container\\Container->build(Object(Closure))
#3 C:\\PhpstormProjects\\Twitch-Analytics\\vendor\\illuminate\\container\\Container.php(731): Illuminate\\Container\\Container->resolve('TwitchAnalytics...', Array)
#4 C:\\PhpstormProjects\\Twitch-Analytics\\vendor\\laravel\\lumen-framework\\src\\Application.php(327): Illuminate\\Container\\Container->make('TwitchAnalytics...', Array)
#5 C:\\PhpstormProjects\\Twitch-Analytics\\vendor\\illuminate\\container\\Container.php(1066): Laravel\\Lumen\\Application->make('TwitchAnalytics...')
#6 C:\\PhpstormProjects\\Twitch-Analytics\\vendor\\illuminate\\container\\Container.php(982): Illuminate\\Container\\Container->resolveClass(Object(ReflectionParameter))
#7 C:\\PhpstormProjects\\Twitch-Analytics\\vendor\\illuminate\\container\\Container.php(943): Illuminate\\Container\\Container->resolveDependencies(Array)
#8 C:\\PhpstormProjects\\Twitch-Analytics\\vendor\\illuminate\\container\\Container.php(795): Illuminate\\Container\\Container->build('TwitchAnalytics...')
#9 C:\\PhpstormProjects\\Twitch-Analytics\\vendor\\illuminate\\container\\Container.php(731): Illuminate\\Container\\Container->resolve('TwitchAnalytics...', Array)
#10 C:\\PhpstormProjects\\Twitch-Analytics\\vendor\\laravel\\lumen-framework\\src\\Application.php(327): Illuminate\\Container\\Container->make('TwitchAnalytics...', Array)
#11 C:\\PhpstormProjects\\Twitch-Analytics\\vendor\\laravel\\lumen-framework\\src\\Concerns\\RoutesRequests.php(326): Laravel\\Lumen\\Application->make('TwitchAnalytics...')
#12 C:\\PhpstormProjects\\Twitch-Analytics\\vendor\\laravel\\lumen-framework\\src\\Concerns\\RoutesRequests.php(284): Laravel\\Lumen\\Application->callControllerAction(Array)
#13 C:\\PhpstormProjects\\Twitch-Analytics\\vendor\\laravel\\lumen-framework\\src\\Concerns\\RoutesRequests.php(269): Laravel\\Lumen\\Application->callActionOnArrayBasedRoute(Array)
#14 C:\\PhpstormProjects\\Twitch-Analytics\\vendor\\laravel\\lumen-framework\\src\\Concerns\\RoutesRequests.php(171): Laravel\\Lumen\\Application->handleFoundRoute(Array)
#15 C:\\PhpstormProjects\\Twitch-Analytics\\vendor\\laravel\\lumen-framework\\src\\Concerns\\RoutesRequests.php(431): Laravel\\Lumen\\Application->Laravel\\Lumen\\Concerns\\{closure}(Object(Laravel\\Lumen\\Http\\Request))
#16 C:\\PhpstormProjects\\Twitch-Analytics\\vendor\\laravel\\lumen-framework\\src\\Concerns\\RoutesRequests.php(167): Laravel\\Lumen\\Application->sendThroughPipeline(Array, Object(Closure))
#17 C:\\PhpstormProjects\\Twitch-Analytics\\vendor\\laravel\\lumen-framework\\src\\Concerns\\RoutesRequests.php(112): Laravel\\Lumen\\Application->dispatch(NULL)
#18 C:\\PhpstormProjects\\Twitch-Analytics\\public\\index.php(28): Laravel\\Lumen\\Application->run()
#19 {main}
"} 
[2025-06-02 16:22:49] local.ERROR: TwitchAnalytics\Application\Services\RefreshTwitchTokenService::__construct(): Argument #1 ($twitchUserRepository) must be of type TwitchAnalytics\Domain\Repositories\TwitchUserRepositoryInterface, TwitchAnalytics\Infraestructure\Repositories\UserRepository given, called in C:\PhpstormProjects\Twitch-Analytics\bootstrap\app.php on line 128 {"exception":"[object] (TypeError(code: 0): TwitchAnalytics\\Application\\Services\\RefreshTwitchTokenService::__construct(): Argument #1 ($twitchUserRepository) must be of type TwitchAnalytics\\Domain\\Repositories\\TwitchUserRepositoryInterface, TwitchAnalytics\\Infraestructure\\Repositories\\UserRepository given, called in C:\\PhpstormProjects\\Twitch-Analytics\\bootstrap\\app.php on line 128 at C:\\PhpstormProjects\\Twitch-Analytics\\src\\Application\\Services\\RefreshTwitchTokenService.php:15)
[stacktrace]
#0 C:\\PhpstormProjects\\Twitch-Analytics\\bootstrap\\app.php(128): TwitchAnalytics\\Application\\Services\\RefreshTwitchTokenService->__construct(Object(TwitchAnalytics\\Infraestructure\\Repositories\\UserRepository), Object(TwitchAnalytics\\Infraestructure\\Time\\SystemTimeProvider))
#1 C:\\PhpstormProjects\\Twitch-Analytics\\vendor\\illuminate\\container\\Container.php(908): {closure}(Object(Laravel\\Lumen\\Application), Array)
#2 C:\\PhpstormProjects\\Twitch-Analytics\\vendor\\illuminate\\container\\Container.php(795): Illuminate\\Container\\Container->build(Object(Closure))
#3 C:\\PhpstormProjects\\Twitch-Analytics\\vendor\\illuminate\\container\\Container.php(731): Illuminate\\Container\\Container->resolve('TwitchAnalytics...', Array)
#4 C:\\PhpstormProjects\\Twitch-Analytics\\vendor\\laravel\\lumen-framework\\src\\Application.php(327): Illuminate\\Container\\Container->make('TwitchAnalytics...', Array)
#5 C:\\PhpstormProjects\\Twitch-Analytics\\vendor\\illuminate\\container\\Container.php(1066): Laravel\\Lumen\\Application->make('TwitchAnalytics...')
#6 C:\\PhpstormProjects\\Twitch-Analytics\\vendor\\illuminate\\container\\Container.php(982): Illuminate\\Container\\Container->resolveClass(Object(ReflectionParameter))
#7 C:\\PhpstormProjects\\Twitch-Analytics\\vendor\\illuminate\\container\\Container.php(943): Illuminate\\Container\\Container->resolveDependencies(Array)
#8 C:\\PhpstormProjects\\Twitch-Analytics\\vendor\\illuminate\\container\\Container.php(795): Illuminate\\Container\\Container->build('TwitchAnalytics...')
#9 C:\\PhpstormProjects\\Twitch-Analytics\\vendor\\illuminate\\container\\Container.php(731): Illuminate\\Container\\Container->resolve('TwitchAnalytics...', Array)
#10 C:\\PhpstormProjects\\Twitch-Analytics\\vendor\\laravel\\lumen-framework\\src\\Application.php(327): Illuminate\\Container\\Container->make('TwitchAnalytics...', Array)
#11 C:\\PhpstormProjects\\Twitch-Analytics\\vendor\\laravel\\lumen-framework\\src\\Concerns\\RoutesRequests.php(326): Laravel\\Lumen\\Application->make('TwitchAnalytics...')
#12 C:\\PhpstormProjects\\Twitch-Analytics\\vendor\\laravel\\lumen-framework\\src\\Concerns\\RoutesRequests.php(284): Laravel\\Lumen\\Application->callControllerAction(Array)
#13 C:\\PhpstormProjects\\Twitch-Analytics\\vendor\\laravel\\lumen-framework\\src\\Concerns\\RoutesRequests.php(269): Laravel\\Lumen\\Application->callActionOnArrayBasedRoute(Array)
#14 C:\\PhpstormProjects\\Twitch-Analytics\\vendor\\laravel\\lumen-framework\\src\\Concerns\\RoutesRequests.php(171): Laravel\\Lumen\\Application->handleFoundRoute(Array)
#15 C:\\PhpstormProjects\\Twitch-Analytics\\vendor\\laravel\\lumen-framework\\src\\Concerns\\RoutesRequests.php(431): Laravel\\Lumen\\Application->Laravel\\Lumen\\Concerns\\{closure}(Object(Laravel\\Lumen\\Http\\Request))
#16 C:\\PhpstormProjects\\Twitch-Analytics\\vendor\\laravel\\lumen-framework\\src\\Concerns\\RoutesRequests.php(167): Laravel\\Lumen\\Application->sendThroughPipeline(Array, Object(Closure))
#17 C:\\PhpstormProjects\\Twitch-Analytics\\vendor\\laravel\\lumen-framework\\src\\Concerns\\RoutesRequests.php(112): Laravel\\Lumen\\Application->dispatch(NULL)
#18 C:\\PhpstormProjects\\Twitch-Analytics\\public\\index.php(28): Laravel\\Lumen\\Application->run()
#19 {main}
"} 
